<?xml version="1.0" encoding="UTF-8"?>
<!-- Generated by org.testng.reporters.JUnitReportReporter -->
<testsuite hostname="Chiranjitha" failures="0" tests="5" name="com.qa.opencart.test.HomePageTest" time="1.599" errors="0" timestamp="07 Mar 2024 14:44:59 GMT" skipped="0">
  <testcase classname="com.qa.opencart.test.HomePageTest" name="searchTest" time="0.518"/>
  <testcase classname="com.qa.opencart.test.HomePageTest" name="searchTest" time="0.568"/>
  <testcase classname="com.qa.opencart.test.HomePageTest" name="searchTest" time="0.494"/>
  <testcase classname="com.qa.opencart.test.HomePageTest" name="homePageTitleTest" time="0.017"/>
  <testcase classname="com.qa.opencart.test.HomePageTest" name="homePageURLTest" time="0.002"/>
</testsuite> <!-- com.qa.opencart.test.HomePageTest -->
